<?xml version="1.0" encoding="UTF-8"?>
<testng-results ignored="0" total="7" passed="6" failed="1" skipped="0">
  <reporter-output>
  </reporter-output>
  <suite started-at="2022-02-04T15:55:07 WIB" name="Default suite" finished-at="2022-02-04T15:55:27 WIB" duration-ms="20323">
    <groups>
    </groups>
    <test started-at="2022-02-04T15:55:07 WIB" name="Default test" finished-at="2022-02-04T15:55:27 WIB" duration-ms="20323">
      <class name="com.testaxiata.stepdefinition.StepDefinition">
        <test-method signature="go_to_gistgithubcom()[pri:0, instance:com.testaxiata.stepdefinition.StepDefinition@6e171cd7]" started-at="2022-02-04T15:55:07 WIB" name="go_to_gistgithubcom" finished-at="2022-02-04T15:55:11 WIB" duration-ms="4257" status="PASS">
          <reporter-output>
          </reporter-output>
        </test-method> <!-- go_to_gistgithubcom -->
        <test-method signature="login_to_gistgithubcom()[pri:1, instance:com.testaxiata.stepdefinition.StepDefinition@6e171cd7]" started-at="2022-02-04T15:55:11 WIB" name="login_to_gistgithubcom" finished-at="2022-02-04T15:55:15 WIB" duration-ms="4014" status="PASS">
          <reporter-output>
          </reporter-output>
        </test-method> <!-- login_to_gistgithubcom -->
        <test-method signature="create_a_gist()[pri:2, instance:com.testaxiata.stepdefinition.StepDefinition@6e171cd7]" started-at="2022-02-04T15:55:15 WIB" name="create_a_gist" finished-at="2022-02-04T15:55:18 WIB" duration-ms="3436" status="PASS">
          <reporter-output>
          </reporter-output>
        </test-method> <!-- create_a_gist -->
        <test-method signature="see_the_list_of_gist()[pri:3, instance:com.testaxiata.stepdefinition.StepDefinition@6e171cd7]" started-at="2022-02-04T15:55:18 WIB" name="see_the_list_of_gist" finished-at="2022-02-04T15:55:19 WIB" duration-ms="944" status="PASS">
          <reporter-output>
          </reporter-output>
        </test-method> <!-- see_the_list_of_gist -->
        <test-method signature="edit_Gist()[pri:4, instance:com.testaxiata.stepdefinition.StepDefinition@6e171cd7]" started-at="2022-02-04T15:55:19 WIB" name="edit_Gist" finished-at="2022-02-04T15:55:19 WIB" duration-ms="18" status="FAIL">
          <exception class="org.openqa.selenium.NoSuchElementException">
            <message>
              <![CDATA[no such element: Unable to locate element: {"method":"css selector","selector":"#gist-pjax-container > div > div > div.col-9.col-md-9.col-12 > div:nth-child(2) > div.gist-snippet-meta.d-flex.flex-lg-row.flex-column.width-full > div > div.d-inline-block.px-lg-2.px-0 > span > a:nth-child(2)"}
  (Session info: chrome=98.0.4758.82)
For documentation on this error, please visit: https://selenium.dev/exceptions/#no_such_element
Build info: version: '4.1.1', revision: 'e8fcc2cecf'
System info: host: 'KEEGAN_PC', ip: '192.168.0.12', os.name: 'Windows 10', os.arch: 'amd64', os.version: '10.0', java.version: '17.0.1'
Driver info: org.openqa.selenium.chrome.ChromeDriver
Command: [08abc65162a6b572ec1d8ea8289785a9, findElement {using=css selector, value=#gist-pjax-container > div > div > div.col-9.col-md-9.col-12 > div:nth-child(2) > div.gist-snippet-meta.d-flex.flex-lg-row.flex-column.width-full > div > div.d-inline-block.px-lg-2.px-0 > span > a:nth-child(2)}]
Capabilities {acceptInsecureCerts: false, browserName: chrome, browserVersion: 98.0.4758.82, chrome: {chromedriverVersion: 98.0.4758.80 (7f0488e8ba0d8..., userDataDir: C:\Users\KEEGAN~1\AppData\L...}, goog:chromeOptions: {debuggerAddress: localhost:60164}, javascriptEnabled: true, networkConnectionEnabled: false, pageLoadStrategy: normal, platform: WINDOWS, platformName: WINDOWS, proxy: Proxy(), se:cdp: ws://localhost:60164/devtoo..., se:cdpVersion: 98.0.4758.82, setWindowRect: true, strictFileInteractability: false, timeouts: {implicit: 0, pageLoad: 300000, script: 30000}, unhandledPromptBehavior: dismiss and notify, webauthn:extension:credBlob: true, webauthn:extension:largeBlob: true, webauthn:virtualAuthenticators: true}
Session ID: 08abc65162a6b572ec1d8ea8289785a9]]>
            </message>
            <full-stacktrace>
              <![CDATA[org.openqa.selenium.NoSuchElementException: no such element: Unable to locate element: {"method":"css selector","selector":"#gist-pjax-container > div > div > div.col-9.col-md-9.col-12 > div:nth-child(2) > div.gist-snippet-meta.d-flex.flex-lg-row.flex-column.width-full > div > div.d-inline-block.px-lg-2.px-0 > span > a:nth-child(2)"}
  (Session info: chrome=98.0.4758.82)
For documentation on this error, please visit: https://selenium.dev/exceptions/#no_such_element
Build info: version: '4.1.1', revision: 'e8fcc2cecf'
System info: host: 'KEEGAN_PC', ip: '192.168.0.12', os.name: 'Windows 10', os.arch: 'amd64', os.version: '10.0', java.version: '17.0.1'
Driver info: org.openqa.selenium.chrome.ChromeDriver
Command: [08abc65162a6b572ec1d8ea8289785a9, findElement {using=css selector, value=#gist-pjax-container > div > div > div.col-9.col-md-9.col-12 > div:nth-child(2) > div.gist-snippet-meta.d-flex.flex-lg-row.flex-column.width-full > div > div.d-inline-block.px-lg-2.px-0 > span > a:nth-child(2)}]
Capabilities {acceptInsecureCerts: false, browserName: chrome, browserVersion: 98.0.4758.82, chrome: {chromedriverVersion: 98.0.4758.80 (7f0488e8ba0d8..., userDataDir: C:\Users\KEEGAN~1\AppData\L...}, goog:chromeOptions: {debuggerAddress: localhost:60164}, javascriptEnabled: true, networkConnectionEnabled: false, pageLoadStrategy: normal, platform: WINDOWS, platformName: WINDOWS, proxy: Proxy(), se:cdp: ws://localhost:60164/devtoo..., se:cdpVersion: 98.0.4758.82, setWindowRect: true, strictFileInteractability: false, timeouts: {implicit: 0, pageLoad: 300000, script: 30000}, unhandledPromptBehavior: dismiss and notify, webauthn:extension:credBlob: true, webauthn:extension:largeBlob: true, webauthn:virtualAuthenticators: true}
Session ID: 08abc65162a6b572ec1d8ea8289785a9
at java.base/jdk.internal.reflect.NativeConstructorAccessorImpl.newInstance0(Native Method)
at java.base/jdk.internal.reflect.NativeConstructorAccessorImpl.newInstance(NativeConstructorAccessorImpl.java:77)
at java.base/jdk.internal.reflect.DelegatingConstructorAccessorImpl.newInstance(DelegatingConstructorAccessorImpl.java:45)
at java.base/java.lang.reflect.Constructor.newInstanceWithCaller(Constructor.java:499)
at java.base/java.lang.reflect.Constructor.newInstance(Constructor.java:480)
at org.openqa.selenium.remote.codec.w3c.W3CHttpResponseCodec.createException(W3CHttpResponseCodec.java:200)
at org.openqa.selenium.remote.codec.w3c.W3CHttpResponseCodec.decode(W3CHttpResponseCodec.java:133)
at org.openqa.selenium.remote.codec.w3c.W3CHttpResponseCodec.decode(W3CHttpResponseCodec.java:53)
at org.openqa.selenium.remote.HttpCommandExecutor.execute(HttpCommandExecutor.java:184)
at org.openqa.selenium.remote.service.DriverCommandExecutor.invokeExecute(DriverCommandExecutor.java:167)
at org.openqa.selenium.remote.service.DriverCommandExecutor.execute(DriverCommandExecutor.java:142)
at org.openqa.selenium.remote.RemoteWebDriver.execute(RemoteWebDriver.java:543)
at org.openqa.selenium.remote.ElementLocation$ElementFinder$2.findElement(ElementLocation.java:162)
at org.openqa.selenium.remote.ElementLocation.findElement(ElementLocation.java:60)
at org.openqa.selenium.remote.RemoteWebDriver.findElement(RemoteWebDriver.java:367)
at org.openqa.selenium.remote.RemoteWebDriver.findElement(RemoteWebDriver.java:359)
at com.testaxiata.stepdefinition.StepDefinition.edit_Gist(StepDefinition.java:75)
at java.base/jdk.internal.reflect.NativeMethodAccessorImpl.invoke0(Native Method)
at java.base/jdk.internal.reflect.NativeMethodAccessorImpl.invoke(NativeMethodAccessorImpl.java:77)
at java.base/jdk.internal.reflect.DelegatingMethodAccessorImpl.invoke(DelegatingMethodAccessorImpl.java:43)
at java.base/java.lang.reflect.Method.invoke(Method.java:568)
at org.testng.internal.MethodInvocationHelper.invokeMethod(MethodInvocationHelper.java:133)
at org.testng.internal.TestInvoker.invokeMethod(TestInvoker.java:598)
at org.testng.internal.TestInvoker.invokeTestMethod(TestInvoker.java:173)
at org.testng.internal.MethodRunner.runInSequence(MethodRunner.java:46)
at org.testng.internal.TestInvoker$MethodInvocationAgent.invoke(TestInvoker.java:824)
at org.testng.internal.TestInvoker.invokeTestMethods(TestInvoker.java:146)
at org.testng.internal.TestMethodWorker.invokeTestMethods(TestMethodWorker.java:146)
at org.testng.internal.TestMethodWorker.run(TestMethodWorker.java:128)
at java.base/java.util.ArrayList.forEach(ArrayList.java:1511)
at org.testng.TestRunner.privateRun(TestRunner.java:794)
at org.testng.TestRunner.run(TestRunner.java:596)
at org.testng.SuiteRunner.runTest(SuiteRunner.java:377)
at org.testng.SuiteRunner.runSequentially(SuiteRunner.java:371)
at org.testng.SuiteRunner.privateRun(SuiteRunner.java:332)
at org.testng.SuiteRunner.run(SuiteRunner.java:276)
at org.testng.SuiteRunnerWorker.runSuite(SuiteRunnerWorker.java:53)
at org.testng.SuiteRunnerWorker.run(SuiteRunnerWorker.java:96)
at org.testng.TestNG.runSuitesSequentially(TestNG.java:1212)
at org.testng.TestNG.runSuitesLocally(TestNG.java:1134)
at org.testng.TestNG.runSuites(TestNG.java:1063)
at org.testng.TestNG.run(TestNG.java:1031)
at org.testng.remote.AbstractRemoteTestNG.run(AbstractRemoteTestNG.java:115)
at org.testng.remote.RemoteTestNG.initAndRun(RemoteTestNG.java:251)
at org.testng.remote.RemoteTestNG.main(RemoteTestNG.java:77)
]]>
            </full-stacktrace>
          </exception> <!-- org.openqa.selenium.NoSuchElementException -->
          <reporter-output>
          </reporter-output>
        </test-method> <!-- edit_Gist -->
        <test-method signature="delete_Gist()[pri:5, instance:com.testaxiata.stepdefinition.StepDefinition@6e171cd7]" started-at="2022-02-04T15:55:19 WIB" name="delete_Gist" finished-at="2022-02-04T15:55:24 WIB" duration-ms="4415" status="PASS">
          <reporter-output>
          </reporter-output>
        </test-method> <!-- delete_Gist -->
        <test-method signature="logout_from_gistgithubcom()[pri:6, instance:com.testaxiata.stepdefinition.StepDefinition@6e171cd7]" started-at="2022-02-04T15:55:24 WIB" name="logout_from_gistgithubcom" finished-at="2022-02-04T15:55:27 WIB" duration-ms="3181" status="PASS">
          <reporter-output>
          </reporter-output>
        </test-method> <!-- logout_from_gistgithubcom -->
      </class> <!-- com.testaxiata.stepdefinition.StepDefinition -->
    </test> <!-- Default test -->
  </suite> <!-- Default suite -->
</testng-results>
